<?xml version="1.0" encoding="UTF-8"?>
<!-- Generated by org.testng.reporters.JUnitReportReporter -->
<testsuite skipped="0" hostname="DESKTOP-EEP5J1A" name="tests.ProductPageTest" tests="1" failures="0" timestamp="10 Sep 2017 02:22:46 GMT" time="15.961" errors="0">
  <testcase name="productPageTest" time="15.961" classname="tests.ProductPageTest"/>
</testsuite> <!-- tests.ProductPageTest -->
