<?xml version="1.0" encoding="UTF-8"?>
<!-- Generated by org.testng.reporters.JUnitReportReporter -->
<testsuite skipped="0" hostname="DESKTOP-EEP5J1A" name="tests.TestCase" tests="1" failures="0" timestamp="09 Sep 2017 21:53:00 GMT" time="2.075" errors="0">
  <testcase name="testCase" time="2.075" classname="tests.TestCase"/>
</testsuite> <!-- tests.TestCase -->
