<?xml version="1.0" encoding="UTF-8"?>
<!-- Generated by org.testng.reporters.JUnitReportReporter -->
<testsuite skipped="0" hostname="DESKTOP-EEP5J1A" name="uptake.TestCase" tests="1" failures="0" timestamp="09 Sep 2017 00:32:00 GMT" time="0.006" errors="0">
  <testcase name="testCase" time="0.006" classname="uptake.TestCase"/>
</testsuite> <!-- uptake.TestCase -->
